[2021-06-29 00:37:57] local.ERROR: SQLSTATE[HY000] [2002] Connection refused (SQL: select `value`, `key` from `system` where `key` in (additional_js, additional_css)) (View: /home/kais/Projects/PHProject/UltimatePOS/resources/views/auth/login.blade.php) {"exception":"[object] (ErrorException(code: 0): SQLSTATE[HY000] [2002] Connection refused (SQL: select `value`, `key` from `system` where `key` in (additional_js, additional_css)) (View: /home/kais/Projects/PHProject/UltimatePOS/resources/views/auth/login.blade.php) at /home/kais/Projects/PHProject/UltimatePOS/vendor/laravel/framework/src/Illuminate/Database/Connection.php:664, Illuminate\\Database\\QueryException(code: 2002): SQLSTATE[HY000] [2002] Connection refused (SQL: select `value`, `key` from `system` where `key` in (additional_js, additional_css)) at /home/kais/Projects/PHProject/UltimatePOS/vendor/laravel/framework/src/Illuminate/Database/Connection.php:664, PDOException(code: 2002): SQLSTATE[HY000] [2002] Connection refused at /home/kais/Projects/PHProject/UltimatePOS/vendor/laravel/framework/src/Illuminate/Database/Connectors/Connector.php:70)
[stacktrace]
#0 /home/kais/Projects/PHProject/UltimatePOS/vendor/laravel/framework/src/Illuminate/View/Engines/PhpEngine.php(45): Illuminate\\View\\Engines\\CompilerEngine->handleViewException()
#1 /home/kais/Projects/PHProject/UltimatePOS/vendor/laravel/framework/src/Illuminate/View/Engines/CompilerEngine.php(59): Illuminate\\View\\Engines\\PhpEngine->evaluatePath()
#2 /home/kais/Projects/PHProject/UltimatePOS/vendor/laravel/framework/src/Illuminate/View/View.php(142): Illuminate\\View\\Engines\\CompilerEngine->get()
#3 /home/kais/Projects/PHProject/UltimatePOS/vendor/laravel/framework/src/Illuminate/View/View.php(125): Illuminate\\View\\View->getContents()
#4 /home/kais/Projects/PHProject/UltimatePOS/vendor/laravel/framework/src/Illuminate/View/View.php(90): Illuminate\\View\\View->renderContents()
#5 /home/kais/Projects/PHProject/UltimatePOS/vendor/laravel/framework/src/Illuminate/Http/Response.php(42): Illuminate\\View\\View->render()
#6 /home/kais/Projects/PHProject/UltimatePOS/vendor/symfony/http-foundation/Response.php(205): Illuminate\\Http\\Response->setContent()
#7 /home/kais/Projects/PHProject/UltimatePOS/vendor/laravel/framework/src/Illuminate/Routing/Router.php(748): Symfony\\Component\\HttpFoundation\\Response->__construct()
#8 /home/kais/Projects/PHProject/UltimatePOS/vendor/laravel/framework/src/Illuminate/Routing/Router.php(720): Illuminate\\Routing\\Router::toResponse()
#9 /home/kais/Projects/PHProject/UltimatePOS/vendor/laravel/framework/src/Illuminate/Routing/Router.php(680): Illuminate\\Routing\\Router->prepareResponse()
#10 /home/kais/Projects/PHProject/UltimatePOS/vendor/laravel/framework/src/Illuminate/Routing/Pipeline.php(30): Illuminate\\Routing\\Router->Illuminate\\Routing\\{closure}()
#11 /home/kais/Projects/PHProject/UltimatePOS/app/Http/Middleware/RedirectIfAuthenticated.php(24): Illuminate\\Routing\\Pipeline->Illuminate\\Routing\\{closure}()
#12 /home/kais/Projects/PHProject/UltimatePOS/vendor/laravel/framework/src/Illuminate/Pipeline/Pipeline.php(163): App\\Http\\Middleware\\RedirectIfAuthenticated->handle()
#13 /home/kais/Projects/PHProject/UltimatePOS/vendor/laravel/framework/src/Illuminate/Routing/Pipeline.php(53): Illuminate\\Pipeline\\Pipeline->Illuminate\\Pipeline\\{closure}()
#14 /home/kais/Projects/PHProject/UltimatePOS/app/Http/Middleware/IsInstalled.php(26): Illuminate\\Routing\\Pipeline->Illuminate\\Routing\\{closure}()
#15 /home/kais/Projects/PHProject/UltimatePOS/vendor/laravel/framework/src/Illuminate/Pipeline/Pipeline.php(163): App\\Http\\Middleware\\IsInstalled->handle()
#16 /home/kais/Projects/PHProject/UltimatePOS/vendor/laravel/framework/src/Illuminate/Routing/Pipeline.php(53): Illuminate\\Pipeline\\Pipeline->Illuminate\\Pipeline\\{closure}()
#17 /home/kais/Projects/PHProject/UltimatePOS/vendor/laravel/framework/src/Illuminate/Routing/Middleware/SubstituteBindings.php(41): Illuminate\\Routing\\Pipeline->Illuminate\\Routing\\{closure}()
#18 /home/kais/Projects/PHProject/UltimatePOS/vendor/laravel/framework/src/Illuminate/Pipeline/Pipeline.php(163): Illuminate\\Routing\\Middleware\\SubstituteBindings->handle()
#19 /home/kais/Projects/PHProject/UltimatePOS/vendor/laravel/framework/src/Illuminate/Routing/Pipeline.php(53): Illuminate\\Pipeline\\Pipeline->Illuminate\\Pipeline\\{closure}()
#20 /home/kais/Projects/PHProject/UltimatePOS/vendor/laravel/framework/src/Illuminate/Foundation/Http/Middleware/VerifyCsrfToken.php(75): Illuminate\\Routing\\Pipeline->Illuminate\\Routing\\{closure}()
#21 /home/kais/Projects/PHProject/UltimatePOS/vendor/laravel/framework/src/Illuminate/Pipeline/Pipeline.php(163): Illuminate\\Foundation\\Http\\Middleware\\VerifyCsrfToken->handle()
#22 /home/kais/Projects/PHProject/UltimatePOS/vendor/laravel/framework/src/Illuminate/Routing/Pipeline.php(53): Illuminate\\Pipeline\\Pipeline->Illuminate\\Pipeline\\{closure}()
#23 /home/kais/Projects/PHProject/UltimatePOS/vendor/laravel/framework/src/Illuminate/View/Middleware/ShareErrorsFromSession.php(49): Illuminate\\Routing\\Pipeline->Illuminate\\Routing\\{closure}()
#24 /home/kais/Projects/PHProject/UltimatePOS/vendor/laravel/framework/src/Illuminate/Pipeline/Pipeline.php(163): Illuminate\\View\\Middleware\\ShareErrorsFromSession->handle()
#25 /home/kais/Projects/PHProject/UltimatePOS/vendor/laravel/framework/src/Illuminate/Routing/Pipeline.php(53): Illuminate\\Pipeline\\Pipeline->Illuminate\\Pipeline\\{closure}()
#26 /home/kais/Projects/PHProject/UltimatePOS/vendor/laravel/framework/src/Illuminate/Session/Middleware/StartSession.php(56): Illuminate\\Routing\\Pipeline->Illuminate\\Routing\\{closure}()
#27 /home/kais/Projects/PHProject/UltimatePOS/vendor/laravel/framework/src/Illuminate/Pipeline/Pipeline.php(163): Illuminate\\Session\\Middleware\\StartSession->handle()
#28 /home/kais/Projects/PHProject/UltimatePOS/vendor/laravel/framework/src/Illuminate/Routing/Pipeline.php(53): Illuminate\\Pipeline\\Pipeline->Illuminate\\Pipeline\\{closure}()
#29 /home/kais/Projects/PHProject/UltimatePOS/vendor/laravel/framework/src/Illuminate/Cookie/Middleware/AddQueuedCookiesToResponse.php(37): Illuminate\\Routing\\Pipeline->Illuminate\\Routing\\{closure}()
#30 /home/kais/Projects/PHProject/UltimatePOS/vendor/laravel/framework/src/Illuminate/Pipeline/Pipeline.php(163): Illuminate\\Cookie\\Middleware\\AddQueuedCookiesToResponse->handle()
#31 /home/kais/Projects/PHProject/UltimatePOS/vendor/laravel/framework/src/Illuminate/Routing/Pipeline.php(53): Illuminate\\Pipeline\\Pipeline->Illuminate\\Pipeline\\{closure}()
#32 /home/kais/Projects/PHProject/UltimatePOS/vendor/laravel/framework/src/Illuminate/Cookie/Middleware/EncryptCookies.php(66): Illuminate\\Routing\\Pipeline->Illuminate\\Routing\\{closure}()
#33 /home/kais/Projects/PHProject/UltimatePOS/vendor/laravel/framework/src/Illuminate/Pipeline/Pipeline.php(163): Illuminate\\Cookie\\Middleware\\EncryptCookies->handle()
#34 /home/kais/Projects/PHProject/UltimatePOS/vendor/laravel/framework/src/Illuminate/Routing/Pipeline.php(53): Illuminate\\Pipeline\\Pipeline->Illuminate\\Pipeline\\{closure}()
#35 /home/kais/Projects/PHProject/UltimatePOS/vendor/laravel/framework/src/Illuminate/Pipeline/Pipeline.php(104): Illuminate\\Routing\\Pipeline->Illuminate\\Routing\\{closure}()
#36 /home/kais/Projects/PHProject/UltimatePOS/vendor/laravel/framework/src/Illuminate/Routing/Router.php(682): Illuminate\\Pipeline\\Pipeline->then()
#37 /home/kais/Projects/PHProject/UltimatePOS/vendor/laravel/framework/src/Illuminate/Routing/Router.php(657): Illuminate\\Routing\\Router->runRouteWithinStack()
#38 /home/kais/Projects/PHProject/UltimatePOS/vendor/laravel/framework/src/Illuminate/Routing/Router.php(623): Illuminate\\Routing\\Router->runRoute()
#39 /home/kais/Projects/PHProject/UltimatePOS/vendor/laravel/framework/src/Illuminate/Routing/Router.php(612): Illuminate\\Routing\\Router->dispatchToRoute()
#40 /home/kais/Projects/PHProject/UltimatePOS/vendor/laravel/framework/src/Illuminate/Foundation/Http/Kernel.php(176): Illuminate\\Routing\\Router->dispatch()
#41 /home/kais/Projects/PHProject/UltimatePOS/vendor/laravel/framework/src/Illuminate/Routing/Pipeline.php(30): Illuminate\\Foundation\\Http\\Kernel->Illuminate\\Foundation\\Http\\{closure}()
#42 /home/kais/Projects/PHProject/UltimatePOS/vendor/barryvdh/laravel-debugbar/src/Middleware/InjectDebugbar.php(58): Illuminate\\Routing\\Pipeline->Illuminate\\Routing\\{closure}()
#43 /home/kais/Projects/PHProject/UltimatePOS/vendor/laravel/framework/src/Illuminate/Pipeline/Pipeline.php(163): Barryvdh\\Debugbar\\Middleware\\InjectDebugbar->handle()
#44 /home/kais/Projects/PHProject/UltimatePOS/vendor/laravel/framework/src/Illuminate/Routing/Pipeline.php(53): Illuminate\\Pipeline\\Pipeline->Illuminate\\Pipeline\\{closure}()
#45 /home/kais/Projects/PHProject/UltimatePOS/vendor/fideloper/proxy/src/TrustProxies.php(57): Illuminate\\Routing\\Pipeline->Illuminate\\Routing\\{closure}()
#46 /home/kais/Projects/PHProject/UltimatePOS/vendor/laravel/framework/src/Illuminate/Pipeline/Pipeline.php(163): Fideloper\\Proxy\\TrustProxies->handle()
#47 /home/kais/Projects/PHProject/UltimatePOS/vendor/laravel/framework/src/Illuminate/Routing/Pipeline.php(53): Illuminate\\Pipeline\\Pipeline->Illuminate\\Pipeline\\{closure}()
#48 /home/kais/Projects/PHProject/UltimatePOS/vendor/laravel/framework/src/Illuminate/Foundation/Http/Middleware/TransformsRequest.php(21): Illuminate\\Routing\\Pipeline->Illuminate\\Routing\\{closure}()
#49 /home/kais/Projects/PHProject/UltimatePOS/vendor/laravel/framework/src/Illuminate/Pipeline/Pipeline.php(163): Illuminate\\Foundation\\Http\\Middleware\\TransformsRequest->handle()
#50 /home/kais/Projects/PHProject/UltimatePOS/vendor/laravel/framework/src/Illuminate/Routing/Pipeline.php(53): Illuminate\\Pipeline\\Pipeline->Illuminate\\Pipeline\\{closure}()
#51 /home/kais/Projects/PHProject/UltimatePOS/vendor/laravel/framework/src/Illuminate/Foundation/Http/Middleware/TransformsRequest.php(21): Illuminate\\Routing\\Pipeline->Illuminate\\Routing\\{closure}()
#52 /home/kais/Projects/PHProject/UltimatePOS/vendor/laravel/framework/src/Illuminate/Pipeline/Pipeline.php(163): Illuminate\\Foundation\\Http\\Middleware\\TransformsRequest->handle()
#53 /home/kais/Projects/PHProject/UltimatePOS/vendor/laravel/framework/src/Illuminate/Routing/Pipeline.php(53): Illuminate\\Pipeline\\Pipeline->Illuminate\\Pipeline\\{closure}()
#54 /home/kais/Projects/PHProject/UltimatePOS/vendor/laravel/framework/src/Illuminate/Foundation/Http/Middleware/ValidatePostSize.php(27): Illuminate\\Routing\\Pipeline->Illuminate\\Routing\\{closure}()
#55 /home/kais/Projects/PHProject/UltimatePOS/vendor/laravel/framework/src/Illuminate/Pipeline/Pipeline.php(163): Illuminate\\Foundation\\Http\\Middleware\\ValidatePostSize->handle()
#56 /home/kais/Projects/PHProject/UltimatePOS/vendor/laravel/framework/src/Illuminate/Routing/Pipeline.php(53): Illuminate\\Pipeline\\Pipeline->Illuminate\\Pipeline\\{closure}()
#57 /home/kais/Projects/PHProject/UltimatePOS/vendor/laravel/framework/src/Illuminate/Foundation/Http/Middleware/CheckForMaintenanceMode.php(62): Illuminate\\Routing\\Pipeline->Illuminate\\Routing\\{closure}()
#58 /home/kais/Projects/PHProject/UltimatePOS/vendor/laravel/framework/src/Illuminate/Pipeline/Pipeline.php(163): Illuminate\\Foundation\\Http\\Middleware\\CheckForMaintenanceMode->handle()
#59 /home/kais/Projects/PHProject/UltimatePOS/vendor/laravel/framework/src/Illuminate/Routing/Pipeline.php(53): Illuminate\\Pipeline\\Pipeline->Illuminate\\Pipeline\\{closure}()
#60 /home/kais/Projects/PHProject/UltimatePOS/vendor/laravel/framework/src/Illuminate/Pipeline/Pipeline.php(104): Illuminate\\Routing\\Pipeline->Illuminate\\Routing\\{closure}()
#61 /home/kais/Projects/PHProject/UltimatePOS/vendor/laravel/framework/src/Illuminate/Foundation/Http/Kernel.php(151): Illuminate\\Pipeline\\Pipeline->then()
#62 /home/kais/Projects/PHProject/UltimatePOS/vendor/laravel/framework/src/Illuminate/Foundation/Http/Kernel.php(116): Illuminate\\Foundation\\Http\\Kernel->sendRequestThroughRouter()
#63 /home/kais/Projects/PHProject/UltimatePOS/public/index.php(53): Illuminate\\Foundation\\Http\\Kernel->handle()
#64 /home/kais/Projects/PHProject/UltimatePOS/server.php(21): require_once('/home/kais/Proj...')
#65 {main}
"} 
[2021-06-29 00:38:03] local.ERROR: SQLSTATE[HY000] [2002] Connection refused (SQL: select `value`, `key` from `system` where `key` in (additional_js, additional_css)) (View: /home/kais/Projects/PHProject/UltimatePOS/resources/views/auth/login.blade.php) {"exception":"[object] (ErrorException(code: 0): SQLSTATE[HY000] [2002] Connection refused (SQL: select `value`, `key` from `system` where `key` in (additional_js, additional_css)) (View: /home/kais/Projects/PHProject/UltimatePOS/resources/views/auth/login.blade.php) at /home/kais/Projects/PHProject/UltimatePOS/vendor/laravel/framework/src/Illuminate/Database/Connection.php:664, Illuminate\\Database\\QueryException(code: 2002): SQLSTATE[HY000] [2002] Connection refused (SQL: select `value`, `key` from `system` where `key` in (additional_js, additional_css)) at /home/kais/Projects/PHProject/UltimatePOS/vendor/laravel/framework/src/Illuminate/Database/Connection.php:664, PDOException(code: 2002): SQLSTATE[HY000] [2002] Connection refused at /home/kais/Projects/PHProject/UltimatePOS/vendor/laravel/framework/src/Illuminate/Database/Connectors/Connector.php:70)
[stacktrace]
#0 /home/kais/Projects/PHProject/UltimatePOS/vendor/laravel/framework/src/Illuminate/View/Engines/PhpEngine.php(45): Illuminate\\View\\Engines\\CompilerEngine->handleViewException()
#1 /home/kais/Projects/PHProject/UltimatePOS/vendor/laravel/framework/src/Illuminate/View/Engines/CompilerEngine.php(59): Illuminate\\View\\Engines\\PhpEngine->evaluatePath()
#2 /home/kais/Projects/PHProject/UltimatePOS/vendor/laravel/framework/src/Illuminate/View/View.php(142): Illuminate\\View\\Engines\\CompilerEngine->get()
#3 /home/kais/Projects/PHProject/UltimatePOS/vendor/laravel/framework/src/Illuminate/View/View.php(125): Illuminate\\View\\View->getContents()
#4 /home/kais/Projects/PHProject/UltimatePOS/vendor/laravel/framework/src/Illuminate/View/View.php(90): Illuminate\\View\\View->renderContents()
#5 /home/kais/Projects/PHProject/UltimatePOS/vendor/laravel/framework/src/Illuminate/Http/Response.php(42): Illuminate\\View\\View->render()
#6 /home/kais/Projects/PHProject/UltimatePOS/vendor/symfony/http-foundation/Response.php(205): Illuminate\\Http\\Response->setContent()
#7 /home/kais/Projects/PHProject/UltimatePOS/vendor/laravel/framework/src/Illuminate/Routing/Router.php(748): Symfony\\Component\\HttpFoundation\\Response->__construct()
#8 /home/kais/Projects/PHProject/UltimatePOS/vendor/laravel/framework/src/Illuminate/Routing/Router.php(720): Illuminate\\Routing\\Router::toResponse()
#9 /home/kais/Projects/PHProject/UltimatePOS/vendor/laravel/framework/src/Illuminate/Routing/Router.php(680): Illuminate\\Routing\\Router->prepareResponse()
#10 /home/kais/Projects/PHProject/UltimatePOS/vendor/laravel/framework/src/Illuminate/Routing/Pipeline.php(30): Illuminate\\Routing\\Router->Illuminate\\Routing\\{closure}()
#11 /home/kais/Projects/PHProject/UltimatePOS/app/Http/Middleware/RedirectIfAuthenticated.php(24): Illuminate\\Routing\\Pipeline->Illuminate\\Routing\\{closure}()
#12 /home/kais/Projects/PHProject/UltimatePOS/vendor/laravel/framework/src/Illuminate/Pipeline/Pipeline.php(163): App\\Http\\Middleware\\RedirectIfAuthenticated->handle()
#13 /home/kais/Projects/PHProject/UltimatePOS/vendor/laravel/framework/src/Illuminate/Routing/Pipeline.php(53): Illuminate\\Pipeline\\Pipeline->Illuminate\\Pipeline\\{closure}()
#14 /home/kais/Projects/PHProject/UltimatePOS/app/Http/Middleware/IsInstalled.php(26): Illuminate\\Routing\\Pipeline->Illuminate\\Routing\\{closure}()
#15 /home/kais/Projects/PHProject/UltimatePOS/vendor/laravel/framework/src/Illuminate/Pipeline/Pipeline.php(163): App\\Http\\Middleware\\IsInstalled->handle()
#16 /home/kais/Projects/PHProject/UltimatePOS/vendor/laravel/framework/src/Illuminate/Routing/Pipeline.php(53): Illuminate\\Pipeline\\Pipeline->Illuminate\\Pipeline\\{closure}()
#17 /home/kais/Projects/PHProject/UltimatePOS/vendor/laravel/framework/src/Illuminate/Routing/Middleware/SubstituteBindings.php(41): Illuminate\\Routing\\Pipeline->Illuminate\\Routing\\{closure}()
#18 /home/kais/Projects/PHProject/UltimatePOS/vendor/laravel/framework/src/Illuminate/Pipeline/Pipeline.php(163): Illuminate\\Routing\\Middleware\\SubstituteBindings->handle()
#19 /home/kais/Projects/PHProject/UltimatePOS/vendor/laravel/framework/src/Illuminate/Routing/Pipeline.php(53): Illuminate\\Pipeline\\Pipeline->Illuminate\\Pipeline\\{closure}()
#20 /home/kais/Projects/PHProject/UltimatePOS/vendor/laravel/framework/src/Illuminate/Foundation/Http/Middleware/VerifyCsrfToken.php(75): Illuminate\\Routing\\Pipeline->Illuminate\\Routing\\{closure}()
#21 /home/kais/Projects/PHProject/UltimatePOS/vendor/laravel/framework/src/Illuminate/Pipeline/Pipeline.php(163): Illuminate\\Foundation\\Http\\Middleware\\VerifyCsrfToken->handle()
#22 /home/kais/Projects/PHProject/UltimatePOS/vendor/laravel/framework/src/Illuminate/Routing/Pipeline.php(53): Illuminate\\Pipeline\\Pipeline->Illuminate\\Pipeline\\{closure}()
#23 /home/kais/Projects/PHProject/UltimatePOS/vendor/laravel/framework/src/Illuminate/View/Middleware/ShareErrorsFromSession.php(49): Illuminate\\Routing\\Pipeline->Illuminate\\Routing\\{closure}()
#24 /home/kais/Projects/PHProject/UltimatePOS/vendor/laravel/framework/src/Illuminate/Pipeline/Pipeline.php(163): Illuminate\\View\\Middleware\\ShareErrorsFromSession->handle()
#25 /home/kais/Projects/PHProject/UltimatePOS/vendor/laravel/framework/src/Illuminate/Routing/Pipeline.php(53): Illuminate\\Pipeline\\Pipeline->Illuminate\\Pipeline\\{closure}()
#26 /home/kais/Projects/PHProject/UltimatePOS/vendor/laravel/framework/src/Illuminate/Session/Middleware/StartSession.php(56): Illuminate\\Routing\\Pipeline->Illuminate\\Routing\\{closure}()
#27 /home/kais/Projects/PHProject/UltimatePOS/vendor/laravel/framework/src/Illuminate/Pipeline/Pipeline.php(163): Illuminate\\Session\\Middleware\\StartSession->handle()
#28 /home/kais/Projects/PHProject/UltimatePOS/vendor/laravel/framework/src/Illuminate/Routing/Pipeline.php(53): Illuminate\\Pipeline\\Pipeline->Illuminate\\Pipeline\\{closure}()
#29 /home/kais/Projects/PHProject/UltimatePOS/vendor/laravel/framework/src/Illuminate/Cookie/Middleware/AddQueuedCookiesToResponse.php(37): Illuminate\\Routing\\Pipeline->Illuminate\\Routing\\{closure}()
#30 /home/kais/Projects/PHProject/UltimatePOS/vendor/laravel/framework/src/Illuminate/Pipeline/Pipeline.php(163): Illuminate\\Cookie\\Middleware\\AddQueuedCookiesToResponse->handle()
#31 /home/kais/Projects/PHProject/UltimatePOS/vendor/laravel/framework/src/Illuminate/Routing/Pipeline.php(53): Illuminate\\Pipeline\\Pipeline->Illuminate\\Pipeline\\{closure}()
#32 /home/kais/Projects/PHProject/UltimatePOS/vendor/laravel/framework/src/Illuminate/Cookie/Middleware/EncryptCookies.php(66): Illuminate\\Routing\\Pipeline->Illuminate\\Routing\\{closure}()
#33 /home/kais/Projects/PHProject/UltimatePOS/vendor/laravel/framework/src/Illuminate/Pipeline/Pipeline.php(163): Illuminate\\Cookie\\Middleware\\EncryptCookies->handle()
#34 /home/kais/Projects/PHProject/UltimatePOS/vendor/laravel/framework/src/Illuminate/Routing/Pipeline.php(53): Illuminate\\Pipeline\\Pipeline->Illuminate\\Pipeline\\{closure}()
#35 /home/kais/Projects/PHProject/UltimatePOS/vendor/laravel/framework/src/Illuminate/Pipeline/Pipeline.php(104): Illuminate\\Routing\\Pipeline->Illuminate\\Routing\\{closure}()
#36 /home/kais/Projects/PHProject/UltimatePOS/vendor/laravel/framework/src/Illuminate/Routing/Router.php(682): Illuminate\\Pipeline\\Pipeline->then()
#37 /home/kais/Projects/PHProject/UltimatePOS/vendor/laravel/framework/src/Illuminate/Routing/Router.php(657): Illuminate\\Routing\\Router->runRouteWithinStack()
#38 /home/kais/Projects/PHProject/UltimatePOS/vendor/laravel/framework/src/Illuminate/Routing/Router.php(623): Illuminate\\Routing\\Router->runRoute()
#39 /home/kais/Projects/PHProject/UltimatePOS/vendor/laravel/framework/src/Illuminate/Routing/Router.php(612): Illuminate\\Routing\\Router->dispatchToRoute()
#40 /home/kais/Projects/PHProject/UltimatePOS/vendor/laravel/framework/src/Illuminate/Foundation/Http/Kernel.php(176): Illuminate\\Routing\\Router->dispatch()
#41 /home/kais/Projects/PHProject/UltimatePOS/vendor/laravel/framework/src/Illuminate/Routing/Pipeline.php(30): Illuminate\\Foundation\\Http\\Kernel->Illuminate\\Foundation\\Http\\{closure}()
#42 /home/kais/Projects/PHProject/UltimatePOS/vendor/barryvdh/laravel-debugbar/src/Middleware/InjectDebugbar.php(58): Illuminate\\Routing\\Pipeline->Illuminate\\Routing\\{closure}()
#43 /home/kais/Projects/PHProject/UltimatePOS/vendor/laravel/framework/src/Illuminate/Pipeline/Pipeline.php(163): Barryvdh\\Debugbar\\Middleware\\InjectDebugbar->handle()
#44 /home/kais/Projects/PHProject/UltimatePOS/vendor/laravel/framework/src/Illuminate/Routing/Pipeline.php(53): Illuminate\\Pipeline\\Pipeline->Illuminate\\Pipeline\\{closure}()
#45 /home/kais/Projects/PHProject/UltimatePOS/vendor/fideloper/proxy/src/TrustProxies.php(57): Illuminate\\Routing\\Pipeline->Illuminate\\Routing\\{closure}()
#46 /home/kais/Projects/PHProject/UltimatePOS/vendor/laravel/framework/src/Illuminate/Pipeline/Pipeline.php(163): Fideloper\\Proxy\\TrustProxies->handle()
#47 /home/kais/Projects/PHProject/UltimatePOS/vendor/laravel/framework/src/Illuminate/Routing/Pipeline.php(53): Illuminate\\Pipeline\\Pipeline->Illuminate\\Pipeline\\{closure}()
#48 /home/kais/Projects/PHProject/UltimatePOS/vendor/laravel/framework/src/Illuminate/Foundation/Http/Middleware/TransformsRequest.php(21): Illuminate\\Routing\\Pipeline->Illuminate\\Routing\\{closure}()
#49 /home/kais/Projects/PHProject/UltimatePOS/vendor/laravel/framework/src/Illuminate/Pipeline/Pipeline.php(163): Illuminate\\Foundation\\Http\\Middleware\\TransformsRequest->handle()
#50 /home/kais/Projects/PHProject/UltimatePOS/vendor/laravel/framework/src/Illuminate/Routing/Pipeline.php(53): Illuminate\\Pipeline\\Pipeline->Illuminate\\Pipeline\\{closure}()
#51 /home/kais/Projects/PHProject/UltimatePOS/vendor/laravel/framework/src/Illuminate/Foundation/Http/Middleware/TransformsRequest.php(21): Illuminate\\Routing\\Pipeline->Illuminate\\Routing\\{closure}()
#52 /home/kais/Projects/PHProject/UltimatePOS/vendor/laravel/framework/src/Illuminate/Pipeline/Pipeline.php(163): Illuminate\\Foundation\\Http\\Middleware\\TransformsRequest->handle()
#53 /home/kais/Projects/PHProject/UltimatePOS/vendor/laravel/framework/src/Illuminate/Routing/Pipeline.php(53): Illuminate\\Pipeline\\Pipeline->Illuminate\\Pipeline\\{closure}()
#54 /home/kais/Projects/PHProject/UltimatePOS/vendor/laravel/framework/src/Illuminate/Foundation/Http/Middleware/ValidatePostSize.php(27): Illuminate\\Routing\\Pipeline->Illuminate\\Routing\\{closure}()
#55 /home/kais/Projects/PHProject/UltimatePOS/vendor/laravel/framework/src/Illuminate/Pipeline/Pipeline.php(163): Illuminate\\Foundation\\Http\\Middleware\\ValidatePostSize->handle()
#56 /home/kais/Projects/PHProject/UltimatePOS/vendor/laravel/framework/src/Illuminate/Routing/Pipeline.php(53): Illuminate\\Pipeline\\Pipeline->Illuminate\\Pipeline\\{closure}()
#57 /home/kais/Projects/PHProject/UltimatePOS/vendor/laravel/framework/src/Illuminate/Foundation/Http/Middleware/CheckForMaintenanceMode.php(62): Illuminate\\Routing\\Pipeline->Illuminate\\Routing\\{closure}()
#58 /home/kais/Projects/PHProject/UltimatePOS/vendor/laravel/framework/src/Illuminate/Pipeline/Pipeline.php(163): Illuminate\\Foundation\\Http\\Middleware\\CheckForMaintenanceMode->handle()
#59 /home/kais/Projects/PHProject/UltimatePOS/vendor/laravel/framework/src/Illuminate/Routing/Pipeline.php(53): Illuminate\\Pipeline\\Pipeline->Illuminate\\Pipeline\\{closure}()
#60 /home/kais/Projects/PHProject/UltimatePOS/vendor/laravel/framework/src/Illuminate/Pipeline/Pipeline.php(104): Illuminate\\Routing\\Pipeline->Illuminate\\Routing\\{closure}()
#61 /home/kais/Projects/PHProject/UltimatePOS/vendor/laravel/framework/src/Illuminate/Foundation/Http/Kernel.php(151): Illuminate\\Pipeline\\Pipeline->then()
#62 /home/kais/Projects/PHProject/UltimatePOS/vendor/laravel/framework/src/Illuminate/Foundation/Http/Kernel.php(116): Illuminate\\Foundation\\Http\\Kernel->sendRequestThroughRouter()
#63 /home/kais/Projects/PHProject/UltimatePOS/public/index.php(53): Illuminate\\Foundation\\Http\\Kernel->handle()
#64 /home/kais/Projects/PHProject/UltimatePOS/server.php(21): require_once('/home/kais/Proj...')
#65 {main}
"} 
